<?xml version="1.0" encoding="UTF-8"?>
<!-- Generated by org.testng.reporters.JUnitReportReporter -->
<testsuite hostname="DESKTOP-JQIHKED" failures="0" tests="1" name="com.automation.testcases.LoginTestHrm" time="2.400" errors="0" timestamp="2024-01-30T16:23:27 IST" skipped="0">
  <testcase classname="com.automation.testcases.LoginTestHrm" name="loginApp" time="2.400"/>
  <system-out/>
</testsuite> <!-- com.automation.testcases.LoginTestHrm -->
